frames=1/300 avg_infer_ms=2720.09 wall_fps=0.36
frames=100/300 avg_infer_ms=204.44 wall_fps=4.41
frames=200/300 avg_infer_ms=190.82 wall_fps=4.72
frames=300/300 avg_infer_ms=186.22 wall_fps=4.83
{
  "input": "/home/adiaconu/Desktop/sisr-embedded-systems/inference_inputs/DJI_20240622160552_0001_T.MP4",
  "output": "/home/adiaconu/Desktop/sisr-embedded-systems/orin_report/video/Ablation_VSRBasic_Vimeo90K_x2_3f_Vimeo90K_exp_20260526_223109/DJI_20240622160552_0001_T_sr_preview_300f.mp4",
  "checkpoint": "/home/adiaconu/Desktop/sisr-embedded-systems/runs/vsr/Ablation_VSRBasic_Vimeo90K_x2_3f/Vimeo90K/exp_20260526_223109/best_model.pth",
  "model_name": "Ablation_VSRBasic_Vimeo90K_x2_3f",
  "arch": "VSRBasic",
  "scale": 2,
  "num_frames": 3,
  "hidden_channels": 48,
  "num_blocks": 4,
  "grayscale": true,
  "device": "cuda",
  "amp_used": true,
  "source_size": [
    640,
    512
  ],
  "output_size": [
    1280,
    1024
  ],
  "source_fps": 29.97002997002997,
  "frames_written": 300,
  "source_frame_count": 10418,
  "elapsed_seconds": 62.10407224600203,
  "avg_inference_ms_per_frame": 186.21904525789432,
  "effective_wall_fps": 4.830601104733717,
  "codec": "mp4v",
  "input_fps_fraction": "30000/1001"
}
