frames=1/300 avg_infer_ms=5471.39 wall_fps=0.18
frames=100/300 avg_infer_ms=1198.99 wall_fps=0.82
frames=200/300 avg_infer_ms=1177.98 wall_fps=0.83
frames=300/300 avg_infer_ms=1171.12 wall_fps=0.84
{
  "input": "/home/adiaconu/Desktop/sisr-embedded-systems/inference_inputs/DJI_20240622160552_0001_T.MP4",
  "output": "/home/adiaconu/Desktop/sisr-embedded-systems/orin_report/video/Final_VSRPlusPlus_Vimeo90K_x2_7f_Vimeo90K_exp_20260527_110148/DJI_20240622160552_0001_T_sr_preview_300f.mp4",
  "checkpoint": "/home/adiaconu/Desktop/sisr-embedded-systems/runs/vsr/Final_VSRPlusPlus_Vimeo90K_x2_7f/Vimeo90K/exp_20260527_110148/best_model.pth",
  "model_name": "Final_VSRPlusPlus_Vimeo90K_x2_7f",
  "arch": "VSRPlusPlus",
  "scale": 2,
  "num_frames": 7,
  "hidden_channels": 64,
  "num_blocks": 5,
  "grayscale": true,
  "device": "cuda",
  "amp_used": true,
  "source_size": [
    640,
    512
  ],
  "output_size": [
    1280,
    1024
  ],
  "source_fps": 29.97002997002997,
  "frames_written": 300,
  "source_frame_count": 10418,
  "elapsed_seconds": 357.8794449249981,
  "avg_inference_ms_per_frame": 1171.119399491775,
  "effective_wall_fps": 0.8382711112756753,
  "codec": "mp4v",
  "input_fps_fraction": "30000/1001"
}
